<?xml version="1.0" encoding="UTF-8"?>
<!-- Generated by org.testng.reporters.JUnitReportReporter -->
<testsuite skipped="0" hostname="BDC11-L-90ZDX33" name="testCases.TC_001_AccountRegistration" tests="1" failures="0" timestamp="2021-08-19T08:15:42 IST" time="30.952" errors="0">
  <testcase name="accountReg" time="30.952" classname="testCases.TC_001_AccountRegistration"/>
  <system-out/>
</testsuite> <!-- testCases.TC_001_AccountRegistration -->
